2025-06-19 18:13:43,953 - INFO - <module> - Version - 1.0.0.6
2025-06-19 18:13:44,784 - INFO - start - Installation process started
2025-06-19 18:13:44,784 - INFO - execute_cmd - Running - flatpak list --columns=application
2025-06-19 18:13:44,818 - INFO - execute_cmd - app.xemu.xemu
com.supermodel3.Supermodel
io.github.erkin.ponysay
io.github.shiiion.primehack
net.davidotek.pupgui2
net.kuribo64.melonDS
net.retrodeck.retrodeck
org.duckstation.DuckStation
org.freedesktop.Platform
org.freedesktop.Platform
org.freedesktop.Platform.GL.default
org.freedesktop.Platform.GL.default
org.freedesktop.Platform.GL.default
org.freedesktop.Platform.GL.default
org.freedesktop.Platform.GL.default
org.freedesktop.Platform.GL.default
org.freedesktop.Platform.GL.nvidia-570-86-16
org.freedesktop.Platform.GL.nvidia-570-86-16
org.freedesktop.Platform.ffmpeg-full
org.freedesktop.Platform.ffmpeg-full
org.freedesktop.Platform.openh264
org.kde.Platform
org.kde.Platform
org.kde.Platform
org.libretro.RetroArch
org.ppsspp.PPSSPP
org.prismlauncher.PrismLauncher
org.scummvm.ScummVM
2025-06-19 18:13:44,818 - INFO - install - Installation process started
2025-06-19 18:13:44,819 - INFO - is_unsupported_os - System Info - {'os_name': 'Arch Linux', 'os_version': '', 'device_name': ''}
2025-06-19 18:13:44,830 - INFO - _install_app - Starting App installation
2025-06-19 18:13:44,830 - INFO - execute_cmd - Running - flatpak list --columns=application,branch | awk '{print $1 "//" $2}'
2025-06-19 18:13:44,849 - INFO - execute_cmd - app.xemu.xemu//stable
com.supermodel3.Supermodel//stable
io.github.erkin.ponysay//stable
io.github.shiiion.primehack//stable
net.davidotek.pupgui2//stable
net.kuribo64.melonDS//stable
net.retrodeck.retrodeck//stable
org.duckstation.DuckStation//stable
org.freedesktop.Platform//23.08
org.freedesktop.Platform//24.08
org.freedesktop.Platform.GL.default//23.08
org.freedesktop.Platform.GL.default//23.08-extra
org.freedesktop.Platform.GL.default//24.08
org.freedesktop.Platform.GL.default//24.08
org.freedesktop.Platform.GL.default//24.08extra
org.freedesktop.Platform.GL.default//24.08extra
org.freedesktop.Platform.GL.nvidia-570-86-16//1.4
org.freedesktop.Platform.GL.nvidia-570-86-16//1.4
org.freedesktop.Platform.ffmpeg-full//23.08
org.freedesktop.Platform.ffmpeg-full//24.08
org.freedesktop.Platform.openh264//2.4.1
org.kde.Platform//6.7
org.kde.Platform//6.8
org.kde.Platform//6.8
org.libretro.RetroArch//stable
org.ppsspp.PPSSPP//stable
org.prismlauncher.PrismLauncher//stable
org.scummvm.ScummVM//stable
2025-06-19 18:13:44,849 - INFO - _app_exists - Found: org.freedesktop.Platform//24.08
2025-06-19 18:13:44,849 - INFO - _install_app - App - org.freedesktop.Platform exists.
2025-06-19 18:13:44,849 - INFO - execute_cmd - Running - flatpak list --columns=application,branch | awk '{print $1 "//" $2}'
2025-06-19 18:13:44,868 - INFO - execute_cmd - app.xemu.xemu//stable
com.supermodel3.Supermodel//stable
io.github.erkin.ponysay//stable
io.github.shiiion.primehack//stable
net.davidotek.pupgui2//stable
net.kuribo64.melonDS//stable
net.retrodeck.retrodeck//stable
org.duckstation.DuckStation//stable
org.freedesktop.Platform//23.08
org.freedesktop.Platform//24.08
org.freedesktop.Platform.GL.default//23.08
org.freedesktop.Platform.GL.default//23.08-extra
org.freedesktop.Platform.GL.default//24.08
org.freedesktop.Platform.GL.default//24.08
org.freedesktop.Platform.GL.default//24.08extra
org.freedesktop.Platform.GL.default//24.08extra
org.freedesktop.Platform.GL.nvidia-570-86-16//1.4
org.freedesktop.Platform.GL.nvidia-570-86-16//1.4
org.freedesktop.Platform.ffmpeg-full//23.08
org.freedesktop.Platform.ffmpeg-full//24.08
org.freedesktop.Platform.openh264//2.4.1
org.kde.Platform//6.7
org.kde.Platform//6.8
org.kde.Platform//6.8
org.libretro.RetroArch//stable
org.ppsspp.PPSSPP//stable
org.prismlauncher.PrismLauncher//stable
org.scummvm.ScummVM//stable
2025-06-19 18:13:44,868 - INFO - _install_flatpak_app - Installing Flatpak app: org.freedesktop.Sdk//24.08
2025-06-19 18:13:44,868 - INFO - execute_cmd - Running - flatpak install -y --system flathub org.freedesktop.Sdk//24.08
