2025-06-19 18:15:56,157 - INFO - <module> - Version - 1.0.0.6
2025-06-19 18:15:56,208 - INFO - start - Installation process started
2025-06-19 18:15:56,208 - INFO - execute_cmd - Running - flatpak list --columns=application
2025-06-19 18:15:56,226 - INFO - execute_cmd - app.xemu.xemu
com.supermodel3.Supermodel
io.github.erkin.ponysay
io.github.shiiion.primehack
net.davidotek.pupgui2
net.kuribo64.melonDS
net.retrodeck.retrodeck
org.duckstation.DuckStation
org.freedesktop.Platform
org.freedesktop.Platform
org.freedesktop.Platform.GL.default
org.freedesktop.Platform.GL.default
org.freedesktop.Platform.GL.default
org.freedesktop.Platform.GL.default
org.freedesktop.Platform.GL.default
org.freedesktop.Platform.GL.default
org.freedesktop.Platform.GL.nvidia-570-86-16
org.freedesktop.Platform.GL.nvidia-570-86-16
org.freedesktop.Platform.ffmpeg-full
org.freedesktop.Platform.ffmpeg-full
org.freedesktop.Platform.openh264
org.kde.Platform
org.kde.Platform
org.kde.Platform
org.libretro.RetroArch
org.ppsspp.PPSSPP
org.prismlauncher.PrismLauncher
org.scummvm.ScummVM
2025-06-19 18:15:56,226 - INFO - install - Installation process started
2025-06-19 18:15:56,226 - INFO - is_unsupported_os - System Info - {'os_name': 'Arch Linux', 'os_version': '', 'device_name': ''}
2025-06-19 18:15:56,235 - INFO - _install_app - Starting App installation
2025-06-19 18:15:56,235 - INFO - execute_cmd - Running - flatpak list --columns=application,branch | awk '{print $1 "//" $2}'
2025-06-19 18:15:56,254 - INFO - execute_cmd - app.xemu.xemu//stable
com.supermodel3.Supermodel//stable
io.github.erkin.ponysay//stable
io.github.shiiion.primehack//stable
net.davidotek.pupgui2//stable
net.kuribo64.melonDS//stable
net.retrodeck.retrodeck//stable
org.duckstation.DuckStation//stable
org.freedesktop.Platform//23.08
org.freedesktop.Platform//24.08
org.freedesktop.Platform.GL.default//23.08
org.freedesktop.Platform.GL.default//23.08-extra
org.freedesktop.Platform.GL.default//24.08
org.freedesktop.Platform.GL.default//24.08
org.freedesktop.Platform.GL.default//24.08extra
org.freedesktop.Platform.GL.default//24.08extra
org.freedesktop.Platform.GL.nvidia-570-86-16//1.4
org.freedesktop.Platform.GL.nvidia-570-86-16//1.4
org.freedesktop.Platform.ffmpeg-full//23.08
org.freedesktop.Platform.ffmpeg-full//24.08
org.freedesktop.Platform.openh264//2.4.1
org.kde.Platform//6.7
org.kde.Platform//6.8
org.kde.Platform//6.8
org.libretro.RetroArch//stable
org.ppsspp.PPSSPP//stable
org.prismlauncher.PrismLauncher//stable
org.scummvm.ScummVM//stable
2025-06-19 18:15:56,254 - INFO - _app_exists - Found: org.freedesktop.Platform//24.08
2025-06-19 18:15:56,254 - INFO - _install_app - App - org.freedesktop.Platform exists.
2025-06-19 18:15:56,254 - INFO - execute_cmd - Running - flatpak list --columns=application,branch | awk '{print $1 "//" $2}'
2025-06-19 18:15:56,272 - INFO - execute_cmd - app.xemu.xemu//stable
com.supermodel3.Supermodel//stable
io.github.erkin.ponysay//stable
io.github.shiiion.primehack//stable
net.davidotek.pupgui2//stable
net.kuribo64.melonDS//stable
net.retrodeck.retrodeck//stable
org.duckstation.DuckStation//stable
org.freedesktop.Platform//23.08
org.freedesktop.Platform//24.08
org.freedesktop.Platform.GL.default//23.08
org.freedesktop.Platform.GL.default//23.08-extra
org.freedesktop.Platform.GL.default//24.08
org.freedesktop.Platform.GL.default//24.08
org.freedesktop.Platform.GL.default//24.08extra
org.freedesktop.Platform.GL.default//24.08extra
org.freedesktop.Platform.GL.nvidia-570-86-16//1.4
org.freedesktop.Platform.GL.nvidia-570-86-16//1.4
org.freedesktop.Platform.ffmpeg-full//23.08
org.freedesktop.Platform.ffmpeg-full//24.08
org.freedesktop.Platform.openh264//2.4.1
org.kde.Platform//6.7
org.kde.Platform//6.8
org.kde.Platform//6.8
org.libretro.RetroArch//stable
org.ppsspp.PPSSPP//stable
org.prismlauncher.PrismLauncher//stable
org.scummvm.ScummVM//stable
2025-06-19 18:15:56,272 - INFO - _install_flatpak_app - Installing Flatpak app: org.freedesktop.Sdk//24.08
2025-06-19 18:15:56,272 - INFO - execute_cmd - Running - flatpak install -y --system flathub org.freedesktop.Sdk//24.08
2025-06-19 18:16:42,356 - INFO - execute_cmd - Looking for matches…


 1.	   	org.freedesktop.Platform.GL.default	24.08extra	u	flathub	< 155.4 MB
 2.	   	org.freedesktop.Platform.GL.nvidia-570-86-16	1.4	u	flathub	< 298.8 MB
 3.	   	org.freedesktop.Platform.GL.nvidia-575-57-08	1.4	i	flathub	< 318.7 MB
 4.	   	org.freedesktop.Platform.openh264	2.5.1	i	flathub	< 971.4 kB
 5.	   	org.freedesktop.Sdk.Locale	24.08	i	flathub	< 387.8 MB (partial)
 6.	   	org.freedesktop.Sdk	24.08	i	flathub	< 624.9 MB


Updating 1/6…
Updating 1/6…                        0%  0 bytes/s
Updating 1/6… ▊                      4%
Updating 1/6… █████████████████▍    87%
Updating 1/6… ██████████████████▊   94%
Updating 1/6… ████████████████████ 100%
Updating 2/6…
Updating 2/6…                        0%  0 bytes/s
Updating 2/6… ███████▊              39%
Updating 2/6… █████████▌            48%
Updating 2/6… ██████████▏           51%
Updating 2/6… ██████████▍           52%  49.4 MB/s
Updating 2/6… ███████████           55%  57.0 MB/s
Updating 2/6… ███████████▍          57%  65.3 MB/s
Updating 2/6… ████████████          60%  37.2 MB/s
Updating 2/6… ██████████████▍       72%  42.1 MB/s
Updating 2/6… ███████████████▏      76%  47.4 MB/s
Updating 2/6… ████████████████▍     82%  35.3 MB/s
Updating 2/6… ████████████████▊     84%  39.4 MB/s
Updating 2/6… █████████████████▊    89%  42.2 MB/s
Updating 2/6… █████████████████▏    86%  44.4 MB/s
Updating 2/6… █████████████████▊    89%  35.1 MB/s  00:00
Updating 2/6… ██████████████████    90%  37.1 MB/s  00:00
Updating 2/6… ██████████████████▍   92%  39.2 MB/s  00:00
Updating 2/6… ██████████████████▊   94%  33.2 MB/s  00:00
Updating 2/6… ██████████████████▍   92%  35.2 MB/s  00:00
Updating 2/6… ██████████████████▊   94%  37.3 MB/s  00:00
Updating 2/6… ███████████████████   95%  33.0 MB/s  00:00
Updating 2/6… ███████████████████▏  96%  35.1 MB/s  00:00
Updating 2/6… ███████████████████▏  96%  37.1 MB/s  00:00
Updating 2/6… ███████████████████▍  97%  39.1 MB/s  00:00
Updating 2/6… ███████████████████▍  97%  34.8 MB/s  00:00
Updating 2/6… ███████████████████   95%  35.9 MB/s  00:00
Updating 2/6… ███████████████████▌  98%  37.0 MB/s  00:00
Updating 2/6… ███████████████████▌  98%  33.5 MB/s  00:00
Updating 2/6… ███████████████████▊  99%  34.7 MB/s  00:00
Updating 2/6… ███████████████████▊  99%  36.0 MB/s  00:00
Updating 2/6… ███████████████████▊  99%  33.2 MB/s  00:00
Updating 2/6… ███████████████████▊  99%  33.2 MB/s  00:00
Updating 2/6… ████████████████████ 100%  33.2 MB/s  00:00
Installing 3/6…
Installing 3/6…                        0%  0 bytes/s
Installing 3/6… ██▏                   11%
Installing 3/6… ███▍                  17%
Installing 3/6… ███▊                  19%
Installing 3/6… ████▍                 22%  49.3 MB/s
Installing 3/6… ████▊                 24%  57.9 MB/s
Installing 3/6… █████▍                27%  67.3 MB/s
Installing 3/6… ██████                30%  38.9 MB/s
Installing 3/6… ██████▌               33%  44.1 MB/s
Installing 3/6… ███████▏              36%  49.6 MB/s
Installing 3/6… ███████▊              39%  35.9 MB/s
Installing 3/6… ████████▏             41%  38.9 MB/s
Installing 3/6… ████████▍             42%  42.3 MB/s
Installing 3/6… █████████▍            47%  45.9 MB/s
Installing 3/6… ██████████            50%  37.0 MB/s  00:04
Installing 3/6… ██████████▌           53%  39.2 MB/s  00:03
Installing 3/6… ███████████           55%  41.5 MB/s  00:03
Installing 3/6… ███████████▌          58%  35.2 MB/s  00:03
Installing 3/6… ████████████▏         61%  37.3 MB/s  00:03
Installing 3/6… ████████████▌         63%  39.5 MB/s  00:02
Installing 3/6… █████████████         65%  34.4 MB/s  00:03
Installing 3/6… █████████████▌        68%  35.8 MB/s  00:02
Installing 3/6… ██████████████▌       73%  37.5 MB/s  00:02
Installing 3/6… ███████████████▏      76%  39.3 MB/s  00:01
Installing 3/6… ███████████████▊      79%  35.2 MB/s  00:01
Installing 3/6… ████████████████▏     81%  36.2 MB/s  00:01
Installing 3/6… ████████████████▏     81%  37.1 MB/s  00:01
Installing 3/6… █████████████████     85%  33.4 MB/s  00:01
Installing 3/6… █████████████████▍    87%  34.3 MB/s  00:01
Installing 3/6… █████████████████▊    89%  35.4 MB/s  00:00
Installing 3/6… ██████████████████▍   92%  32.4 MB/s  00:00
Installing 3/6… ███████████████████   95%  33.6 MB/s  00:00
Installing 3/6… ███████████████████▏  96%  34.8 MB/s  00:00
Installing 3/6… ███████████████████▌  98%  35.4 MB/s  00:00
Installing 3/6… ████████████████████ 100%  31.8 MB/s  00:00
Installing 3/6… ████████████████████ 100%  31.8 MB/s  00:00
Installing 4/6…
Installing 4/6…                        0%  0 bytes/s
Installing 4/6… ███████▍              37%
Installing 4/6… ████████████████████ 100%
Installing 5/6…
Installing 5/6…                        0%  0 bytes/s
Installing 5/6… ████████████████████ 100%
Installing 6/6…
Installing 6/6…                        0%  0 bytes/s
Installing 6/6… █▌                     8%
Installing 6/6… ██▌                   13%
Installing 6/6… ██▌                   13%  38.0 MB/s
Installing 6/6… ██▌                   13%  42.1 MB/s
Installing 6/6… ███                   15%  52.3 MB/s
Installing 6/6… ███▏                  16%  30.2 MB/s
Installing 6/6… ███▍                  17%  31.4 MB/s
Installing 6/6… ███▊                  19%  24.6 MB/s
Installing 6/6… ███▊                  19%  26.0 MB/s
Installing 6/6… ████▏                 21%  28.7 MB/s
Installing 6/6… ████▍                 22%  23.5 MB/s  00:14
Installing 6/6… ████▌                 23%  25.4 MB/s  00:13
Installing 6/6… █████                 25%  22.0 MB/s  00:15
Installing 6/6… █████▏                26%  23.6 MB/s  00:14
Installing 6/6… █████▌                28%  21.2 MB/s  00:15
Installing 6/6… █████▊                29%  22.4 MB/s  00:14
Installing 6/6… ██████▏               31%  23.7 MB/s  00:13
Installing 6/6… ██████▏               31%  21.5 MB/s  00:15
Installing 6/6… ███████▍              37%  23.5 MB/s  00:11
Installing 6/6… ███████▍              37%  20.8 MB/s  00:13
Installing 6/6… ███████▍              37%  22.1 MB/s  00:13
Installing 6/6… ███████▌              38%  20.2 MB/s  00:14
Installing 6/6… ███████▊              39%  21.2 MB/s  00:14
Installing 6/6… ████████▌             43%  23.5 MB/s  00:11
Installing 6/6… █████████             45%  23.0 MB/s  00:12
Installing 6/6… ██████████            50%  24.0 MB/s  00:10
Installing 6/6… ██████████▍           52%  25.0 MB/s  00:09
Installing 6/6… ██████████▌           53%  25.9 MB/s  00:08
Installing 6/6… ███████████           55%  24.2 MB/s  00:09
Installing 6/6… ███████████           55%  25.0 MB/s  00:09
Installing 6/6… ███████████▌          58%  25.9 MB/s  00:07
Installing 6/6… ████████████          60%  24.6 MB/s  00:08
Installing 6/6… ████████████▍         62%  25.4 MB/s  00:07
Installing 6/6… ████████████▊         64%  26.4 MB/s  00:06
Installing 6/6… █████████████▏        66%  25.3 MB/s  00:06
Installing 6/6… █████████████▍        67%  26.0 MB/s  00:06
Installing 6/6… █████████████▍        67%  26.7 MB/s  00:06
Installing 6/6… ██████████████        70%  27.3 MB/s  00:05
Installing 6/6… ██████████████▏       71%  25.8 MB/s  00:05
Installing 6/6… ██████████████▍       72%  26.2 MB/s  00:05
Installing 6/6… ██████████████▊       74%  26.7 MB/s  00:04
Installing 6/6… ██████████████▊       74%  25.4 MB/s  00:05
Installing 6/6… ███████████████▏      76%  26.0 MB/s  00:04
Installing 6/6… ███████████████▌      78%  26.5 MB/s  00:04
Installing 6/6… ████████████████      80%  25.5 MB/s  00:04
Installing 6/6… ████████████████▍     82%  26.1 MB/s  00:03
Installing 6/6… ████████████████▍     82%  26.8 MB/s  00:03
Installing 6/6… █████████████████▏    86%  27.5 MB/s  00:02
Installing 6/6… █████████████████▌    88%  26.7 MB/s  00:02
Installing 6/6… █████████████████▌    88%  27.4 MB/s  00:02
Installing 6/6… ██████████████████▍   92%  28.2 MB/s  00:01
Installing 6/6… ███████████████████   95%  27.4 MB/s  00:00
Installing 6/6… ███████████████████   95%  27.8 MB/s  00:00
Installing 6/6… ███████████████████▌  98%  28.3 MB/s  00:00
Installing 6/6… ███████████████████▌  98%  27.2 MB/s  00:00
Installing 6/6… ████████████████████ 100%  27.4 MB/s  00:00
Installing 6/6… ████████████████████ 100%  27.4 MB/s  00:00
Changes complete.
2025-06-19 18:16:42,356 - INFO - _add_repo - Adding Flatpak repository: GeForceNOW
2025-06-19 18:16:42,356 - INFO - _remove_repo - Removing Flatpak repository: GeForceNOW
2025-06-19 18:16:42,356 - INFO - execute_cmd - Running - flatpak remotes --columns=name
2025-06-19 18:16:42,371 - INFO - execute_cmd - flathub
flathub
2025-06-19 18:16:42,371 - INFO - execute_cmd - Running - flatpak remote-add --user  --if-not-exists GeForceNOW https://international.download.nvidia.com/GFNLinux/flatpak/geforcenow.flatpakrepo
2025-06-19 18:16:43,114 - INFO - _install_flatpak_app - Installing Flatpak app: com.nvidia.geforcenow
2025-06-19 18:16:43,114 - INFO - execute_cmd - Running - flatpak install -y --user GeForceNOW com.nvidia.geforcenow
2025-06-19 18:17:32,526 - INFO - execute_cmd - Looking for matches…

com.nvidia.geforcenow permissions:
    ipc	network	fallback-x11	pulseaudio
    session-bus	wayland	x11	devices
    dri	file access [1]	dbus access [2]	bus ownership [3]
    system dbus access [4]

    [1] /run/.heim_org.h5l.kcm-socket, /var/lib/systemd/coredump:ro, home,
        host-etc, xdg-download, xdg-run/dconf, xdg-run/gamescope-0,
        xdg-run/pipewire-0, ~/.config/dconf:ro, ~/.config/kioslaverc
    [2] ca.desrt.dconf, org.freedesktop.FileManager1, org.freedesktop.Flatpak,
        org.freedesktop.Notifications, org.freedesktop.ScreenSaver,
        org.freedesktop.portal.Desktop, org.freedesktop.secrets,
        org.gnome.SessionManager, org.kde.StatusNotifierWatcher
    [3] org.freedesktop.portal.Flatpak, org.mpris.MediaPlayer2.chromium.*
    [4] org.bluez, org.freedesktop.Avahi, org.freedesktop.UPower


 1.	   	org.freedesktop.Platform.GL.default	24.08	u	flathub	< 155.4 MB
 2.	   	org.freedesktop.Platform.GL.default	24.08extra	u	flathub	< 155.4 MB
 3.	   	org.freedesktop.Platform.GL.nvidia-570-86-16	1.4	u	flathub	< 298.8 MB
 4.	   	org.freedesktop.Platform.GL.nvidia-575-57-08	1.4	i	flathub	< 318.7 MB
 5.	   	org.freedesktop.Platform.Locale	24.08	u	flathub	< 382.4 MB (partial)
 6.	   	org.freedesktop.Platform.openh264	2.5.1	i	flathub	< 971.4 kB
 7.	   	org.freedesktop.Platform	24.08	u	flathub	< 261.9 MB
 8.	   	com.nvidia.geforcenow	master	i	GeForceNOW	< 190.5 MB


Updating 1/8…
Updating 1/8…                        0%  0 bytes/s
Updating 1/8… ▍                      2%
Updating 1/8… ██████████████▍       72%
Updating 1/8… ████████████████▍     82%
Updating 1/8… █████████████▏        66%  48.0 MB/s
Updating 1/8… ███████████████▍      77%  57.6 MB/s
Updating 1/8… ███████████████▍      77%  68.0 MB/s
Updating 1/8… █████████████████▌    88%  38.5 MB/s
Updating 1/8… ██████████████████▊   94%  42.6 MB/s
Updating 1/8… ██████████████████▊   94%  47.2 MB/s
Updating 1/8… ██████████████████▊   94%  34.7 MB/s
Updating 1/8… ███████████████████▍  97%  38.2 MB/s
Updating 1/8… ███████████████████   95%  41.3 MB/s
Updating 1/8… ████████████████████ 100%  41.3 MB/s
Updating 2/8…
Updating 2/8…                        0%  0 bytes/s
Updating 2/8… ▊                      4%
Updating 2/8… ████████████████████ 100%
Updating 3/8…
Updating 3/8…                        0%  0 bytes/s
Updating 3/8… █████████▌            48%
Updating 3/8… ███████████           55%
Updating 3/8… ████████████▊         64%
Updating 3/8… ██████████████▏       71%  49.1 MB/s
Updating 3/8… ███████████████▍      77%  59.1 MB/s
Updating 3/8… ███████████████▊      79%  69.6 MB/s
Updating 3/8… ████████████████      80%  39.2 MB/s
Updating 3/8… ████████████████      80%  43.5 MB/s
Updating 3/8… ████████████████      80%  48.2 MB/s
Updating 3/8… ████████████████▍     82%  35.6 MB/s
Updating 3/8… █████████████████     85%  38.6 MB/s
Updating 3/8… █████████████████▌    88%  41.3 MB/s
Updating 3/8… ████████████████      80%  44.2 MB/s
Updating 3/8… ████████████████▏     81%  35.5 MB/s  00:00
Updating 3/8… █████████████████     85%  38.0 MB/s  00:00
Updating 3/8… ██████████████████▌   93%  40.6 MB/s  00:00
Updating 3/8… ██████████████████▊   94%  34.9 MB/s  00:00
Updating 3/8… ██████████████████▊   94%  37.0 MB/s  00:00
Updating 3/8… ██████████████████▊   94%  38.8 MB/s  00:00
Updating 3/8… ███████████████████▍  97%  34.0 MB/s  00:00
Updating 3/8… ███████████████████▍  97%  35.7 MB/s  00:00
Updating 3/8… ███████████████████▍  97%  37.4 MB/s  00:00
Updating 3/8… ███████████████████   95%  38.8 MB/s  00:00
Updating 3/8… ███████████████████▊  99%  34.5 MB/s  00:00
Updating 3/8… ███████████████████▊  99%  35.9 MB/s  00:00
Updating 3/8… ███████████████████▊  99%  37.4 MB/s  00:00
Updating 3/8… ███████████████████▊  99%  34.1 MB/s  00:00
Updating 3/8… ███████████████████▊  99%  35.5 MB/s  00:00
Updating 3/8… ███████████████████▊  99%  35.9 MB/s  00:00
Updating 3/8… ███████████████████▊  99%  32.3 MB/s  00:00
Updating 3/8… ███████████████████▊  99%  32.7 MB/s  00:00
Updating 3/8… ███████████████████▊  99%  33.2 MB/s  00:00
Updating 3/8… ████████████████████ 100%  33.2 MB/s  00:00
Installing 4/8…
Installing 4/8…                        0%  0 bytes/s
Installing 4/8… ██▏                   11%
Installing 4/8… ███▍                  17%
Installing 4/8… ███▊                  19%
Installing 4/8… ████▍                 22%  49.5 MB/s
Installing 4/8… ████▊                 24%  58.4 MB/s
Installing 4/8… █████▍                27%  68.4 MB/s
Installing 4/8… ██████                30%  39.4 MB/s
Installing 4/8… ██████▌               33%  44.8 MB/s
Installing 4/8… ███████▍              37%  50.6 MB/s
Installing 4/8… ███████▊              39%  36.0 MB/s
Installing 4/8… ████████▏             41%  38.3 MB/s
Installing 4/8… ████████▌             43%  40.7 MB/s
Installing 4/8… █████████             45%  43.5 MB/s
Installing 4/8… █████████▌            48%  34.8 MB/s  00:04
Installing 4/8… ██████████▏           51%  37.2 MB/s  00:03
Installing 4/8… ██████████▊           54%  39.8 MB/s  00:03
Installing 4/8… ███████████▍          57%  34.0 MB/s  00:03
Installing 4/8… ████████████          60%  36.4 MB/s  00:03
Installing 4/8… ████████████▊         64%  38.8 MB/s  00:02
Installing 4/8… █████████████▍        67%  34.4 MB/s  00:02
Installing 4/8… ██████████████        70%  36.2 MB/s  00:02
Installing 4/8… ██████████████▌       73%  37.8 MB/s  00:02
Installing 4/8… ███████████████       75%  39.0 MB/s  00:02
Installing 4/8… ███████████████▌      78%  34.7 MB/s  00:01
Installing 4/8… ████████████████      80%  35.9 MB/s  00:01
Installing 4/8… ████████████████▏     81%  37.3 MB/s  00:01
Installing 4/8… █████████████████▏    86%  33.9 MB/s  00:01
Installing 4/8… █████████████████▊    89%  35.3 MB/s  00:00
Installing 4/8… ██████████████████▍   92%  36.7 MB/s  00:00
Installing 4/8… ███████████████████▏  96%  34.0 MB/s  00:00
Installing 4/8… ███████████████████▌  98%  34.9 MB/s  00:00
Installing 4/8… ███████████████████▊  99%  35.3 MB/s  00:00
Installing 4/8… ████████████████████ 100%  35.4 MB/s  00:00
Updating 5/8…
Updating 5/8…                        0%  0 bytes/s
Updating 5/8… ████████████████████ 100%
Installing 6/8…
Installing 6/8…                        0%  0 bytes/s
Installing 6/8… ███████▍              37%
Installing 6/8… ████████████████████ 100%
Updating 7/8…
Updating 7/8…                        0%  0 bytes/s
Updating 7/8… ███                   15%
Updating 7/8… ████                  20%
Updating 7/8… █████▌                28%
Updating 7/8… ███████▌              38%  43.7 MB/s
Updating 7/8… █████████▍            47%  53.0 MB/s
Updating 7/8… ██████████▍           52%  63.4 MB/s
Updating 7/8… ███████████▌          58%  36.7 MB/s
Updating 7/8… ████████████▊         64%  41.6 MB/s
Updating 7/8… ██████████████▊       74%  45.1 MB/s
Updating 7/8… ███████████████▌      78%  34.1 MB/s
Updating 7/8… ████████████████▍     82%  37.7 MB/s
Updating 7/8… █████████████████▊    89%  39.9 MB/s
Updating 7/8… ██████████████████▌   93%  42.2 MB/s
Updating 7/8… ███████████████████▊  99%  33.4 MB/s  00:00
Updating 7/8… █████████████▍        67%  34.9 MB/s  00:01
Updating 7/8… ██████████████▏       71%  36.7 MB/s  00:01
Updating 7/8… ███████████████▍      77%  30.3 MB/s  00:01
Updating 7/8… ████████████████▏     81%  31.7 MB/s  00:01
Updating 7/8… █████████████████▌    88%  32.6 MB/s  00:00
Updating 7/8… ██████████████████▌   93%  28.0 MB/s  00:00
Updating 7/8… ███████████████████▌  98%  29.2 MB/s  00:00
Updating 7/8… ███████████████████▊  99%  29.8 MB/s  00:00
Updating 7/8… ███████████████████▍  97%  30.0 MB/s  00:00
Updating 7/8… ████████████████████ 100%  25.9 MB/s  00:00
Installing 8/8…
Installing 8/8…                        0%  0 bytes/s
Installing 8/8… ▍                      2%
Installing 8/8… █▊                     9%
Installing 8/8… ███▊                  19%  21.5 MB/s
Installing 8/8… ████▏                 21%  26.6 MB/s
Installing 8/8… █████▍                27%  38.0 MB/s
Installing 8/8… ███████▏              36%  26.8 MB/s
Installing 8/8… ████████▏             41%  32.0 MB/s
Installing 8/8… █████████▍            47%  37.3 MB/s
Installing 8/8… ██████████▍           52%  42.1 MB/s
Installing 8/8… ███████████▍          57%  31.4 MB/s
Installing 8/8… ████████████▍         62%  34.6 MB/s
Installing 8/8… █████████████▍        67%  37.9 MB/s
Installing 8/8… ██████████████▍       72%  30.9 MB/s  00:01
Installing 8/8… ███████████████▍      77%  33.1 MB/s  00:01
Installing 8/8… ████████████████▏     81%  34.9 MB/s  00:00
Installing 8/8… █████████████████▏    86%  29.8 MB/s  00:00
Installing 8/8… ██████████████████▏   91%  32.0 MB/s  00:00
Installing 8/8… ███████████████████▍  97%  34.0 MB/s  00:00
Installing 8/8… ████████████████████ 100%  35.1 MB/s  00:00
Installing 8/8… ████████████████████ 100%  29.3 MB/s  00:00
Changes complete.
2025-06-19 18:17:32,574 - INFO - _setup_app_shortcut - Setting up App shortcut
2025-06-19 18:17:32,575 - ERROR - _setup_app_shortcut - Failed to set up App shortcut: [Errno 2] No such file or directory: '/home/glenn/Desktop/com.nvidia.geforcenow.desktop'
2025-06-19 19:03:49,554 - INFO - <module> - Version - 1.0.0.6
2025-06-19 19:03:49,608 - INFO - start - Installation process started
2025-06-19 19:03:49,608 - INFO - execute_cmd - Running - flatpak list --columns=application
2025-06-19 19:03:49,629 - INFO - execute_cmd - app.xemu.xemu
com.nvidia.geforcenow
com.supermodel3.Supermodel
io.github.erkin.ponysay
io.github.shiiion.primehack
net.davidotek.pupgui2
net.kuribo64.melonDS
net.retrodeck.retrodeck
org.duckstation.DuckStation
org.freedesktop.Platform
org.freedesktop.Platform
org.freedesktop.Platform.GL.default
org.freedesktop.Platform.GL.default
org.freedesktop.Platform.GL.default
org.freedesktop.Platform.GL.default
org.freedesktop.Platform.GL.default
org.freedesktop.Platform.GL.default
org.freedesktop.Platform.GL.nvidia-570-86-16
org.freedesktop.Platform.GL.nvidia-570-86-16
org.freedesktop.Platform.GL.nvidia-575-57-08
org.freedesktop.Platform.GL.nvidia-575-57-08
org.freedesktop.Platform.ffmpeg-full
org.freedesktop.Platform.ffmpeg-full
org.freedesktop.Platform.openh264
org.freedesktop.Platform.openh264
org.freedesktop.Platform.openh264
org.freedesktop.Sdk
org.kde.Platform
org.kde.Platform
org.kde.Platform
org.libretro.RetroArch
org.ppsspp.PPSSPP
org.prismlauncher.PrismLauncher
org.scummvm.ScummVM
2025-06-19 19:03:49,629 - INFO - _app_exists - Found: com.nvidia.geforcenow
2025-06-19 19:03:56,151 - INFO - install - Installation process started
2025-06-19 19:03:56,151 - INFO - is_unsupported_os - System Info - {'os_name': 'Arch Linux', 'os_version': '', 'device_name': ''}
2025-06-19 19:03:56,158 - INFO - execute_cmd - Running - flatpak kill com.nvidia.geforcenow
2025-06-19 19:03:56,173 - ERROR - execute_cmd - error: com.nvidia.geforcenow is not running
2025-06-19 19:03:56,173 - INFO - _uninstall_app - Starting App uninstallation
2025-06-19 19:03:56,173 - INFO - execute_cmd - Running - flatpak uninstall -y  --force-remove --user com.nvidia.geforcenow
2025-06-19 19:03:57,033 - INFO - execute_cmd - 1.	   	com.nvidia.geforcenow	master	r


Uninstalling…
Uninstall complete.
2025-06-19 19:03:57,035 - INFO - _install_app - Starting App installation
2025-06-19 19:03:57,035 - INFO - execute_cmd - Running - flatpak list --columns=application,branch | awk '{print $1 "//" $2}'
2025-06-19 19:03:57,054 - INFO - execute_cmd - app.xemu.xemu//stable
com.supermodel3.Supermodel//stable
io.github.erkin.ponysay//stable
io.github.shiiion.primehack//stable
net.davidotek.pupgui2//stable
net.kuribo64.melonDS//stable
net.retrodeck.retrodeck//stable
org.duckstation.DuckStation//stable
org.freedesktop.Platform//23.08
org.freedesktop.Platform//24.08
org.freedesktop.Platform.GL.default//23.08
org.freedesktop.Platform.GL.default//23.08-extra
org.freedesktop.Platform.GL.default//24.08
org.freedesktop.Platform.GL.default//24.08
org.freedesktop.Platform.GL.default//24.08extra
org.freedesktop.Platform.GL.default//24.08extra
org.freedesktop.Platform.GL.nvidia-570-86-16//1.4
org.freedesktop.Platform.GL.nvidia-570-86-16//1.4
org.freedesktop.Platform.GL.nvidia-575-57-08//1.4
org.freedesktop.Platform.GL.nvidia-575-57-08//1.4
org.freedesktop.Platform.ffmpeg-full//23.08
org.freedesktop.Platform.ffmpeg-full//24.08
org.freedesktop.Platform.openh264//2.4.1
org.freedesktop.Platform.openh264//2.5.1
org.freedesktop.Platform.openh264//2.5.1
org.freedesktop.Sdk//24.08
org.kde.Platform//6.7
org.kde.Platform//6.8
org.kde.Platform//6.8
org.libretro.RetroArch//stable
org.ppsspp.PPSSPP//stable
org.prismlauncher.PrismLauncher//stable
org.scummvm.ScummVM//stable
2025-06-19 19:03:57,054 - INFO - _app_exists - Found: org.freedesktop.Platform//24.08
2025-06-19 19:03:57,054 - INFO - _install_app - App - org.freedesktop.Platform exists.
2025-06-19 19:03:57,054 - INFO - execute_cmd - Running - flatpak list --columns=application,branch | awk '{print $1 "//" $2}'
2025-06-19 19:03:57,073 - INFO - execute_cmd - app.xemu.xemu//stable
com.supermodel3.Supermodel//stable
io.github.erkin.ponysay//stable
io.github.shiiion.primehack//stable
net.davidotek.pupgui2//stable
net.kuribo64.melonDS//stable
net.retrodeck.retrodeck//stable
org.duckstation.DuckStation//stable
org.freedesktop.Platform//23.08
org.freedesktop.Platform//24.08
org.freedesktop.Platform.GL.default//23.08
org.freedesktop.Platform.GL.default//23.08-extra
org.freedesktop.Platform.GL.default//24.08
org.freedesktop.Platform.GL.default//24.08
org.freedesktop.Platform.GL.default//24.08extra
org.freedesktop.Platform.GL.default//24.08extra
org.freedesktop.Platform.GL.nvidia-570-86-16//1.4
org.freedesktop.Platform.GL.nvidia-570-86-16//1.4
org.freedesktop.Platform.GL.nvidia-575-57-08//1.4
org.freedesktop.Platform.GL.nvidia-575-57-08//1.4
org.freedesktop.Platform.ffmpeg-full//23.08
org.freedesktop.Platform.ffmpeg-full//24.08
org.freedesktop.Platform.openh264//2.4.1
org.freedesktop.Platform.openh264//2.5.1
org.freedesktop.Platform.openh264//2.5.1
org.freedesktop.Sdk//24.08
org.kde.Platform//6.7
org.kde.Platform//6.8
org.kde.Platform//6.8
org.libretro.RetroArch//stable
org.ppsspp.PPSSPP//stable
org.prismlauncher.PrismLauncher//stable
org.scummvm.ScummVM//stable
2025-06-19 19:03:57,073 - INFO - _app_exists - Found: org.freedesktop.Sdk//24.08
2025-06-19 19:03:57,073 - INFO - _install_app - App - org.freedesktop.Sdk exists.
2025-06-19 19:03:57,073 - INFO - _add_repo - Adding Flatpak repository: GeForceNOW
2025-06-19 19:03:57,073 - INFO - _remove_repo - Removing Flatpak repository: GeForceNOW
2025-06-19 19:03:57,073 - INFO - execute_cmd - Running - flatpak remotes --columns=name
2025-06-19 19:03:57,088 - INFO - execute_cmd - flathub
GeForceNOW
flathub
2025-06-19 19:03:57,088 - INFO - execute_cmd - Running - flatpak remote-delete --force --user GeForceNOW
2025-06-19 19:03:57,105 - INFO - execute_cmd - Running - flatpak remote-add --user  --if-not-exists GeForceNOW https://international.download.nvidia.com/GFNLinux/flatpak/geforcenow.flatpakrepo
2025-06-19 19:03:57,733 - INFO - _install_flatpak_app - Installing Flatpak app: com.nvidia.geforcenow
2025-06-19 19:03:57,733 - INFO - execute_cmd - Running - flatpak install -y --user GeForceNOW com.nvidia.geforcenow
2025-06-19 19:04:06,171 - INFO - execute_cmd - Looking for matches…

com.nvidia.geforcenow permissions:
    ipc	network	fallback-x11	pulseaudio
    session-bus	wayland	x11	devices
    dri	file access [1]	dbus access [2]	bus ownership [3]
    system dbus access [4]

    [1] /run/.heim_org.h5l.kcm-socket, /var/lib/systemd/coredump:ro, home,
        host-etc, xdg-download, xdg-run/dconf, xdg-run/gamescope-0,
        xdg-run/pipewire-0, ~/.config/dconf:ro, ~/.config/kioslaverc
    [2] ca.desrt.dconf, org.freedesktop.FileManager1, org.freedesktop.Flatpak,
        org.freedesktop.Notifications, org.freedesktop.ScreenSaver,
        org.freedesktop.portal.Desktop, org.freedesktop.secrets,
        org.gnome.SessionManager, org.kde.StatusNotifierWatcher
    [3] org.freedesktop.portal.Flatpak, org.mpris.MediaPlayer2.chromium.*
    [4] org.bluez, org.freedesktop.Avahi, org.freedesktop.UPower


 1.	   	com.nvidia.geforcenow	master	i	GeForceNOW	< 190.5 MB


Installing…
Installing…                        0%  0 bytes/s
Installing… ▍                      2%
Installing… ██                    10%
Installing… ███▌                  18%
Installing… ████▏                 21%  26.6 MB/s
Installing… █████▊                29%  41.3 MB/s
Installing… ███████▏              36%  53.6 MB/s
Installing… ████████▏             41%  31.7 MB/s
Installing… ████████▊             44%  36.5 MB/s
Installing… ██████████▏           51%  41.5 MB/s
Installing… ███████████▏          56%  30.8 MB/s
Installing… ████████████▏         61%  34.0 MB/s
Installing… █████████████▏        66%  37.5 MB/s
Installing… ██████████████▍       72%  30.6 MB/s  00:01
Installing… ███████████████▍      77%  33.0 MB/s  00:01
Installing… ████████████████▍     82%  35.5 MB/s  00:00
Installing… █████████████████▍    87%  38.0 MB/s  00:00
Installing… ██████████████████▍   92%  32.3 MB/s  00:00
Installing… ███████████████████▍  97%  34.3 MB/s  00:00
Installing… ████████████████████ 100%  35.1 MB/s  00:00
Installing… ████████████████████ 100%  29.3 MB/s  00:00
Installation complete.
2025-06-19 19:04:06,172 - INFO - _setup_app_shortcut - Setting up App shortcut
2025-06-19 19:04:06,172 - ERROR - _setup_app_shortcut - Failed to set up App shortcut: [Errno 2] No such file or directory: '/home/glenn/Desktop/com.nvidia.geforcenow.desktop'
2025-06-19 19:06:10,088 - INFO - <module> - Version - 1.0.0.6
2025-06-19 19:06:10,129 - INFO - start - Installation process started
2025-06-19 19:06:10,129 - INFO - execute_cmd - Running - flatpak list --columns=application
2025-06-19 19:06:10,159 - INFO - execute_cmd - app.xemu.xemu
com.nvidia.geforcenow
com.supermodel3.Supermodel
io.github.erkin.ponysay
io.github.shiiion.primehack
net.davidotek.pupgui2
net.kuribo64.melonDS
net.retrodeck.retrodeck
org.duckstation.DuckStation
org.freedesktop.Platform
org.freedesktop.Platform
org.freedesktop.Platform.GL.default
org.freedesktop.Platform.GL.default
org.freedesktop.Platform.GL.default
org.freedesktop.Platform.GL.default
org.freedesktop.Platform.GL.default
org.freedesktop.Platform.GL.default
org.freedesktop.Platform.GL.nvidia-570-86-16
org.freedesktop.Platform.GL.nvidia-570-86-16
org.freedesktop.Platform.GL.nvidia-575-57-08
org.freedesktop.Platform.GL.nvidia-575-57-08
org.freedesktop.Platform.ffmpeg-full
org.freedesktop.Platform.ffmpeg-full
org.freedesktop.Platform.openh264
org.freedesktop.Platform.openh264
org.freedesktop.Platform.openh264
org.freedesktop.Sdk
org.kde.Platform
org.kde.Platform
org.kde.Platform
org.libretro.RetroArch
org.ppsspp.PPSSPP
org.prismlauncher.PrismLauncher
org.scummvm.ScummVM
2025-06-19 19:06:10,159 - INFO - _app_exists - Found: com.nvidia.geforcenow
2025-06-19 19:06:18,198 - INFO - uninstall - Uninstallation process started
2025-06-19 19:06:18,207 - INFO - _uninstall_app - Starting App uninstallation
2025-06-19 19:06:18,207 - INFO - execute_cmd - Running - flatpak uninstall -y --delete-data --force-remove --user com.nvidia.geforcenow
2025-06-19 19:06:19,173 - INFO - execute_cmd - 1.	   	com.nvidia.geforcenow	master	r


Uninstalling…
Uninstall complete.
2025-06-19 19:06:19,175 - INFO - _remove_repo - Removing Flatpak repository: GeForceNOW
2025-06-19 19:06:19,175 - INFO - execute_cmd - Running - flatpak remotes --columns=name
2025-06-19 19:06:19,189 - INFO - execute_cmd - flathub
GeForceNOW
flathub
2025-06-19 19:06:19,189 - INFO - execute_cmd - Running - flatpak remote-delete --force --user GeForceNOW
2025-06-19 19:06:19,205 - INFO - uninstall - NVIDIA GeForce NOW has been successfully uninstalled.
2025-06-19 19:08:41,858 - INFO - <module> - Version - 1.0.0.6
2025-06-19 19:08:41,899 - INFO - start - Installation process started
2025-06-19 19:08:41,900 - INFO - execute_cmd - Running - flatpak list --columns=application
2025-06-19 19:08:41,921 - INFO - execute_cmd - app.xemu.xemu
com.supermodel3.Supermodel
io.github.erkin.ponysay
io.github.shiiion.primehack
net.davidotek.pupgui2
net.kuribo64.melonDS
net.retrodeck.retrodeck
org.duckstation.DuckStation
org.freedesktop.Platform
org.freedesktop.Platform
org.freedesktop.Platform.GL.default
org.freedesktop.Platform.GL.default
org.freedesktop.Platform.GL.default
org.freedesktop.Platform.GL.default
org.freedesktop.Platform.GL.default
org.freedesktop.Platform.GL.default
org.freedesktop.Platform.GL.nvidia-570-86-16
org.freedesktop.Platform.GL.nvidia-570-86-16
org.freedesktop.Platform.GL.nvidia-575-57-08
org.freedesktop.Platform.GL.nvidia-575-57-08
org.freedesktop.Platform.ffmpeg-full
org.freedesktop.Platform.ffmpeg-full
org.freedesktop.Platform.openh264
org.freedesktop.Platform.openh264
org.freedesktop.Platform.openh264
org.freedesktop.Sdk
org.kde.Platform
org.kde.Platform
org.kde.Platform
org.libretro.RetroArch
org.ppsspp.PPSSPP
org.prismlauncher.PrismLauncher
org.scummvm.ScummVM
2025-06-19 19:08:41,921 - INFO - install - Installation process started
2025-06-19 19:08:41,921 - INFO - is_unsupported_os - System Info - {'os_name': 'Arch Linux', 'os_version': '', 'device_name': ''}
2025-06-19 19:08:41,931 - INFO - _install_app - Starting App installation
2025-06-19 19:08:41,931 - INFO - execute_cmd - Running - flatpak list --columns=application,branch | awk '{print $1 "//" $2}'
2025-06-19 19:08:41,952 - INFO - execute_cmd - app.xemu.xemu//stable
com.supermodel3.Supermodel//stable
io.github.erkin.ponysay//stable
io.github.shiiion.primehack//stable
net.davidotek.pupgui2//stable
net.kuribo64.melonDS//stable
net.retrodeck.retrodeck//stable
org.duckstation.DuckStation//stable
org.freedesktop.Platform//23.08
org.freedesktop.Platform//24.08
org.freedesktop.Platform.GL.default//23.08
org.freedesktop.Platform.GL.default//23.08-extra
org.freedesktop.Platform.GL.default//24.08
org.freedesktop.Platform.GL.default//24.08
org.freedesktop.Platform.GL.default//24.08extra
org.freedesktop.Platform.GL.default//24.08extra
org.freedesktop.Platform.GL.nvidia-570-86-16//1.4
org.freedesktop.Platform.GL.nvidia-570-86-16//1.4
org.freedesktop.Platform.GL.nvidia-575-57-08//1.4
org.freedesktop.Platform.GL.nvidia-575-57-08//1.4
org.freedesktop.Platform.ffmpeg-full//23.08
org.freedesktop.Platform.ffmpeg-full//24.08
org.freedesktop.Platform.openh264//2.4.1
org.freedesktop.Platform.openh264//2.5.1
org.freedesktop.Platform.openh264//2.5.1
org.freedesktop.Sdk//24.08
org.kde.Platform//6.7
org.kde.Platform//6.8
org.kde.Platform//6.8
org.libretro.RetroArch//stable
org.ppsspp.PPSSPP//stable
org.prismlauncher.PrismLauncher//stable
org.scummvm.ScummVM//stable
2025-06-19 19:08:41,952 - INFO - _app_exists - Found: org.freedesktop.Platform//24.08
2025-06-19 19:08:41,952 - INFO - _install_app - App - org.freedesktop.Platform exists.
2025-06-19 19:08:41,952 - INFO - execute_cmd - Running - flatpak list --columns=application,branch | awk '{print $1 "//" $2}'
2025-06-19 19:08:41,971 - INFO - execute_cmd - app.xemu.xemu//stable
com.supermodel3.Supermodel//stable
io.github.erkin.ponysay//stable
io.github.shiiion.primehack//stable
net.davidotek.pupgui2//stable
net.kuribo64.melonDS//stable
net.retrodeck.retrodeck//stable
org.duckstation.DuckStation//stable
org.freedesktop.Platform//23.08
org.freedesktop.Platform//24.08
org.freedesktop.Platform.GL.default//23.08
org.freedesktop.Platform.GL.default//23.08-extra
org.freedesktop.Platform.GL.default//24.08
org.freedesktop.Platform.GL.default//24.08
org.freedesktop.Platform.GL.default//24.08extra
org.freedesktop.Platform.GL.default//24.08extra
org.freedesktop.Platform.GL.nvidia-570-86-16//1.4
org.freedesktop.Platform.GL.nvidia-570-86-16//1.4
org.freedesktop.Platform.GL.nvidia-575-57-08//1.4
org.freedesktop.Platform.GL.nvidia-575-57-08//1.4
org.freedesktop.Platform.ffmpeg-full//23.08
org.freedesktop.Platform.ffmpeg-full//24.08
org.freedesktop.Platform.openh264//2.4.1
org.freedesktop.Platform.openh264//2.5.1
org.freedesktop.Platform.openh264//2.5.1
org.freedesktop.Sdk//24.08
org.kde.Platform//6.7
org.kde.Platform//6.8
org.kde.Platform//6.8
org.libretro.RetroArch//stable
org.ppsspp.PPSSPP//stable
org.prismlauncher.PrismLauncher//stable
org.scummvm.ScummVM//stable
2025-06-19 19:08:41,971 - INFO - _app_exists - Found: org.freedesktop.Sdk//24.08
2025-06-19 19:08:41,971 - INFO - _install_app - App - org.freedesktop.Sdk exists.
2025-06-19 19:08:41,972 - INFO - _add_repo - Adding Flatpak repository: GeForceNOW
2025-06-19 19:08:41,972 - INFO - _remove_repo - Removing Flatpak repository: GeForceNOW
2025-06-19 19:08:41,972 - INFO - execute_cmd - Running - flatpak remotes --columns=name
2025-06-19 19:08:41,987 - INFO - execute_cmd - flathub
GeForceNOW
flathub
2025-06-19 19:08:41,987 - INFO - execute_cmd - Running - flatpak remote-delete --force --user GeForceNOW
2025-06-19 19:08:42,011 - INFO - execute_cmd - Running - flatpak remote-add --user  --if-not-exists GeForceNOW https://international.download.nvidia.com/GFNLinux/flatpak/geforcenow.flatpakrepo
2025-06-19 19:08:42,165 - INFO - _install_flatpak_app - Installing Flatpak app: com.nvidia.geforcenow
2025-06-19 19:08:42,165 - INFO - execute_cmd - Running - flatpak install -y --user GeForceNOW com.nvidia.geforcenow
2025-06-19 19:08:43,879 - INFO - execute_cmd - Looking for matches…

com.nvidia.geforcenow permissions:
    ipc	network	fallback-x11	pulseaudio
    session-bus	wayland	x11	devices
    dri	file access [1]	dbus access [2]	bus ownership [3]
    system dbus access [4]

    [1] /run/.heim_org.h5l.kcm-socket, /var/lib/systemd/coredump:ro, home,
        host-etc, xdg-download, xdg-run/dconf, xdg-run/gamescope-0,
        xdg-run/pipewire-0, ~/.config/dconf:ro, ~/.config/kioslaverc
    [2] ca.desrt.dconf, org.freedesktop.FileManager1, org.freedesktop.Flatpak,
        org.freedesktop.Notifications, org.freedesktop.ScreenSaver,
        org.freedesktop.portal.Desktop, org.freedesktop.secrets,
        org.gnome.SessionManager, org.kde.StatusNotifierWatcher
    [3] org.freedesktop.portal.Flatpak, org.mpris.MediaPlayer2.chromium.*
    [4] org.bluez, org.freedesktop.Avahi, org.freedesktop.UPower


 1.	   	com.nvidia.geforcenow	master	i	GeForceNOW	< 190.5 MB


Installing…
Installing…                        0%  0 bytes/s
Installing… ████████████████████ 100%
Installation complete.
2025-06-19 19:08:43,879 - INFO - _setup_app_shortcut - Setting up App shortcut
2025-06-19 19:08:43,880 - ERROR - _setup_app_shortcut - Failed to set up App shortcut: [Errno 2] No such file or directory: '/home/glenn/Desktop/com.nvidia.geforcenow.desktop'
2025-06-19 19:08:50,631 - INFO - <module> - Version - 1.0.0.6
2025-06-19 19:08:50,671 - INFO - start - Installation process started
2025-06-19 19:08:50,671 - INFO - execute_cmd - Running - flatpak list --columns=application
2025-06-19 19:08:50,692 - INFO - execute_cmd - app.xemu.xemu
com.nvidia.geforcenow
com.supermodel3.Supermodel
io.github.erkin.ponysay
io.github.shiiion.primehack
net.davidotek.pupgui2
net.kuribo64.melonDS
net.retrodeck.retrodeck
org.duckstation.DuckStation
org.freedesktop.Platform
org.freedesktop.Platform
org.freedesktop.Platform.GL.default
org.freedesktop.Platform.GL.default
org.freedesktop.Platform.GL.default
org.freedesktop.Platform.GL.default
org.freedesktop.Platform.GL.default
org.freedesktop.Platform.GL.default
org.freedesktop.Platform.GL.nvidia-570-86-16
org.freedesktop.Platform.GL.nvidia-570-86-16
org.freedesktop.Platform.GL.nvidia-575-57-08
org.freedesktop.Platform.GL.nvidia-575-57-08
org.freedesktop.Platform.ffmpeg-full
org.freedesktop.Platform.ffmpeg-full
org.freedesktop.Platform.openh264
org.freedesktop.Platform.openh264
org.freedesktop.Platform.openh264
org.freedesktop.Sdk
org.kde.Platform
org.kde.Platform
org.kde.Platform
org.libretro.RetroArch
org.ppsspp.PPSSPP
org.prismlauncher.PrismLauncher
org.scummvm.ScummVM
2025-06-19 19:08:50,692 - INFO - _app_exists - Found: com.nvidia.geforcenow
2025-06-19 19:08:54,730 - INFO - uninstall - Uninstallation process started
2025-06-19 19:08:54,738 - INFO - _uninstall_app - Starting App uninstallation
2025-06-19 19:08:54,738 - INFO - execute_cmd - Running - flatpak uninstall -y --delete-data --force-remove --user com.nvidia.geforcenow
2025-06-19 19:08:55,618 - INFO - execute_cmd - 1.	   	com.nvidia.geforcenow	master	r


Uninstalling…
Uninstall complete.
2025-06-19 19:08:55,619 - INFO - _remove_repo - Removing Flatpak repository: GeForceNOW
2025-06-19 19:08:55,619 - INFO - execute_cmd - Running - flatpak remotes --columns=name
2025-06-19 19:08:55,634 - INFO - execute_cmd - flathub
GeForceNOW
flathub
2025-06-19 19:08:55,634 - INFO - execute_cmd - Running - flatpak remote-delete --force --user GeForceNOW
2025-06-19 19:08:55,659 - INFO - uninstall - NVIDIA GeForce NOW has been successfully uninstalled.
2025-06-19 19:09:23,298 - INFO - <module> - Version - 1.0.0.6
2025-06-19 19:09:23,338 - INFO - start - Installation process started
2025-06-19 19:09:23,338 - INFO - execute_cmd - Running - flatpak list --columns=application
2025-06-19 19:09:23,356 - INFO - execute_cmd - app.xemu.xemu
com.supermodel3.Supermodel
io.github.erkin.ponysay
io.github.shiiion.primehack
net.davidotek.pupgui2
net.kuribo64.melonDS
net.retrodeck.retrodeck
org.duckstation.DuckStation
org.freedesktop.Platform
org.freedesktop.Platform
org.freedesktop.Platform.GL.default
org.freedesktop.Platform.GL.default
org.freedesktop.Platform.GL.default
org.freedesktop.Platform.GL.default
org.freedesktop.Platform.GL.default
org.freedesktop.Platform.GL.default
org.freedesktop.Platform.GL.nvidia-570-86-16
org.freedesktop.Platform.GL.nvidia-570-86-16
org.freedesktop.Platform.GL.nvidia-575-57-08
org.freedesktop.Platform.GL.nvidia-575-57-08
org.freedesktop.Platform.ffmpeg-full
org.freedesktop.Platform.ffmpeg-full
org.freedesktop.Platform.openh264
org.freedesktop.Platform.openh264
org.freedesktop.Platform.openh264
org.freedesktop.Sdk
org.kde.Platform
org.kde.Platform
org.kde.Platform
org.libretro.RetroArch
org.ppsspp.PPSSPP
org.prismlauncher.PrismLauncher
org.scummvm.ScummVM
2025-06-19 19:09:23,356 - INFO - install - Installation process started
2025-06-19 19:09:23,356 - INFO - is_unsupported_os - System Info - {'os_name': 'Arch Linux', 'os_version': '', 'device_name': ''}
2025-06-19 19:09:23,366 - INFO - _install_app - Starting App installation
2025-06-19 19:09:23,366 - INFO - execute_cmd - Running - flatpak list --columns=application,branch | awk '{print $1 "//" $2}'
2025-06-19 19:09:23,385 - INFO - execute_cmd - app.xemu.xemu//stable
com.supermodel3.Supermodel//stable
io.github.erkin.ponysay//stable
io.github.shiiion.primehack//stable
net.davidotek.pupgui2//stable
net.kuribo64.melonDS//stable
net.retrodeck.retrodeck//stable
org.duckstation.DuckStation//stable
org.freedesktop.Platform//23.08
org.freedesktop.Platform//24.08
org.freedesktop.Platform.GL.default//23.08
org.freedesktop.Platform.GL.default//23.08-extra
org.freedesktop.Platform.GL.default//24.08
org.freedesktop.Platform.GL.default//24.08
org.freedesktop.Platform.GL.default//24.08extra
org.freedesktop.Platform.GL.default//24.08extra
org.freedesktop.Platform.GL.nvidia-570-86-16//1.4
org.freedesktop.Platform.GL.nvidia-570-86-16//1.4
org.freedesktop.Platform.GL.nvidia-575-57-08//1.4
org.freedesktop.Platform.GL.nvidia-575-57-08//1.4
org.freedesktop.Platform.ffmpeg-full//23.08
org.freedesktop.Platform.ffmpeg-full//24.08
org.freedesktop.Platform.openh264//2.4.1
org.freedesktop.Platform.openh264//2.5.1
org.freedesktop.Platform.openh264//2.5.1
org.freedesktop.Sdk//24.08
org.kde.Platform//6.7
org.kde.Platform//6.8
org.kde.Platform//6.8
org.libretro.RetroArch//stable
org.ppsspp.PPSSPP//stable
org.prismlauncher.PrismLauncher//stable
org.scummvm.ScummVM//stable
2025-06-19 19:09:23,385 - INFO - _app_exists - Found: org.freedesktop.Platform//24.08
2025-06-19 19:09:23,385 - INFO - _install_app - App - org.freedesktop.Platform exists.
2025-06-19 19:09:23,385 - INFO - execute_cmd - Running - flatpak list --columns=application,branch | awk '{print $1 "//" $2}'
2025-06-19 19:09:23,404 - INFO - execute_cmd - app.xemu.xemu//stable
com.supermodel3.Supermodel//stable
io.github.erkin.ponysay//stable
io.github.shiiion.primehack//stable
net.davidotek.pupgui2//stable
net.kuribo64.melonDS//stable
net.retrodeck.retrodeck//stable
org.duckstation.DuckStation//stable
org.freedesktop.Platform//23.08
org.freedesktop.Platform//24.08
org.freedesktop.Platform.GL.default//23.08
org.freedesktop.Platform.GL.default//23.08-extra
org.freedesktop.Platform.GL.default//24.08
org.freedesktop.Platform.GL.default//24.08
org.freedesktop.Platform.GL.default//24.08extra
org.freedesktop.Platform.GL.default//24.08extra
org.freedesktop.Platform.GL.nvidia-570-86-16//1.4
org.freedesktop.Platform.GL.nvidia-570-86-16//1.4
org.freedesktop.Platform.GL.nvidia-575-57-08//1.4
org.freedesktop.Platform.GL.nvidia-575-57-08//1.4
org.freedesktop.Platform.ffmpeg-full//23.08
org.freedesktop.Platform.ffmpeg-full//24.08
org.freedesktop.Platform.openh264//2.4.1
org.freedesktop.Platform.openh264//2.5.1
org.freedesktop.Platform.openh264//2.5.1
org.freedesktop.Sdk//24.08
org.kde.Platform//6.7
org.kde.Platform//6.8
org.kde.Platform//6.8
org.libretro.RetroArch//stable
org.ppsspp.PPSSPP//stable
org.prismlauncher.PrismLauncher//stable
org.scummvm.ScummVM//stable
2025-06-19 19:09:23,404 - INFO - _app_exists - Found: org.freedesktop.Sdk//24.08
2025-06-19 19:09:23,404 - INFO - _install_app - App - org.freedesktop.Sdk exists.
2025-06-19 19:09:23,404 - INFO - _add_repo - Adding Flatpak repository: GeForceNOW
2025-06-19 19:09:23,404 - INFO - _remove_repo - Removing Flatpak repository: GeForceNOW
2025-06-19 19:09:23,404 - INFO - execute_cmd - Running - flatpak remotes --columns=name
2025-06-19 19:09:23,420 - INFO - execute_cmd - flathub
flathub
2025-06-19 19:09:23,420 - INFO - execute_cmd - Running - flatpak remote-add --user  --if-not-exists GeForceNOW https://international.download.nvidia.com/GFNLinux/flatpak/geforcenow.flatpakrepo
2025-06-19 19:09:23,569 - INFO - _install_flatpak_app - Installing Flatpak app: com.nvidia.geforcenow
2025-06-19 19:09:23,569 - INFO - execute_cmd - Running - flatpak install -y --user GeForceNOW com.nvidia.geforcenow
2025-06-19 19:09:31,504 - INFO - execute_cmd - Looking for matches…

com.nvidia.geforcenow permissions:
    ipc	network	fallback-x11	pulseaudio
    session-bus	wayland	x11	devices
    dri	file access [1]	dbus access [2]	bus ownership [3]
    system dbus access [4]

    [1] /run/.heim_org.h5l.kcm-socket, /var/lib/systemd/coredump:ro, home,
        host-etc, xdg-download, xdg-run/dconf, xdg-run/gamescope-0,
        xdg-run/pipewire-0, ~/.config/dconf:ro, ~/.config/kioslaverc
    [2] ca.desrt.dconf, org.freedesktop.FileManager1, org.freedesktop.Flatpak,
        org.freedesktop.Notifications, org.freedesktop.ScreenSaver,
        org.freedesktop.portal.Desktop, org.freedesktop.secrets,
        org.gnome.SessionManager, org.kde.StatusNotifierWatcher
    [3] org.freedesktop.portal.Flatpak, org.mpris.MediaPlayer2.chromium.*
    [4] org.bluez, org.freedesktop.Avahi, org.freedesktop.UPower


 1.	   	com.nvidia.geforcenow	master	i	GeForceNOW	< 190.5 MB


Installing…
Installing…                        0%  0 bytes/s
Installing… ███▍                  17%
Installing… ███▊                  19%
Installing… █████▍                27%  36.4 MB/s
Installing… ███████▍              37%  56.0 MB/s
Installing… ████████▍             42%  65.7 MB/s
Installing… █████████▍            47%  37.8 MB/s
Installing… ██████████▍           52%  42.6 MB/s
Installing… ███████████▍          57%  47.7 MB/s
Installing… ████████████▍         62%  52.5 MB/s
Installing… █████████████▌        68%  38.3 MB/s
Installing… ██████████████▌       73%  41.5 MB/s
Installing… ███████████████▌      78%  44.8 MB/s
Installing… ████████████████▍     82%  35.8 MB/s  00:00
Installing… █████████████████▌    88%  38.6 MB/s  00:00
Installing… ██████████████████▌   93%  41.0 MB/s  00:00
Installing… ███████████████████▌  98%  34.6 MB/s  00:00
Installing… ████████████████████ 100%  35.1 MB/s  00:00
Installing… ████████████████████ 100%  35.1 MB/s  00:00
Installation complete.
2025-06-19 19:09:31,504 - INFO - _setup_app_shortcut - Setting up App shortcut
2025-06-19 19:09:31,505 - ERROR - _setup_app_shortcut - Failed to set up App shortcut: [Errno 2] No such file or directory: '/home/glenn/Desktop/com.nvidia.geforcenow.desktop'
